{
  "synced": 0,
  "unchanged": 2,
  "would_sync": 0,
  "errors": 0,
  "missing_local": 0,
  "log": "/home/jrybc/.openclaw/workspace/Claw/systems/logs/drive-live-sync/sync-20260327-133001.json"
}
{
  "synced": 0,
  "unchanged": 2,
  "would_sync": 0,
  "errors": 0,
  "missing_local": 0,
  "log": "/home/jrybc/.openclaw/workspace/Claw/systems/logs/drive-live-sync/sync-20260327-134501.json"
}
Traceback (most recent call last):
  File "/home/jrybc/.openclaw/workspace/Claw/systems/scripts/sync_drive_live_docs.py", line 137, in <module>
    raise SystemExit(main())
                     ^^^^^^
  File "/home/jrybc/.openclaw/workspace/Claw/systems/scripts/sync_drive_live_docs.py", line 94, in main
    proc = run(cmd)
           ^^^^^^^^
  File "/home/jrybc/.openclaw/workspace/Claw/systems/scripts/sync_drive_live_docs.py", line 37, in run
    return subprocess.run(cmd, text=True, capture_output=True)
           ^^^^^^^^^^^^^^^^^^^^^^^^^^^^^^^^^^^^^^^^^^^^^^^^^^^
  File "/usr/lib/python3.12/subprocess.py", line 548, in run
    with Popen(*popenargs, **kwargs) as process:
         ^^^^^^^^^^^^^^^^^^^^^^^^^^^
  File "/usr/lib/python3.12/subprocess.py", line 1026, in __init__
    self._execute_child(args, executable, preexec_fn, close_fds,
  File "/usr/lib/python3.12/subprocess.py", line 1955, in _execute_child
    raise child_exception_type(errno_num, err_msg, err_filename)
FileNotFoundError: [Errno 2] No such file or directory: 'gog'
Traceback (most recent call last):
  File "/home/jrybc/.openclaw/workspace/Claw/systems/scripts/sync_drive_live_docs.py", line 137, in <module>
    raise SystemExit(main())
                     ^^^^^^
  File "/home/jrybc/.openclaw/workspace/Claw/systems/scripts/sync_drive_live_docs.py", line 94, in main
    proc = run(cmd)
           ^^^^^^^^
  File "/home/jrybc/.openclaw/workspace/Claw/systems/scripts/sync_drive_live_docs.py", line 37, in run
    return subprocess.run(cmd, text=True, capture_output=True)
           ^^^^^^^^^^^^^^^^^^^^^^^^^^^^^^^^^^^^^^^^^^^^^^^^^^^
  File "/usr/lib/python3.12/subprocess.py", line 548, in run
    with Popen(*popenargs, **kwargs) as process:
         ^^^^^^^^^^^^^^^^^^^^^^^^^^^
  File "/usr/lib/python3.12/subprocess.py", line 1026, in __init__
    self._execute_child(args, executable, preexec_fn, close_fds,
  File "/usr/lib/python3.12/subprocess.py", line 1955, in _execute_child
    raise child_exception_type(errno_num, err_msg, err_filename)
FileNotFoundError: [Errno 2] No such file or directory: 'gog'
Traceback (most recent call last):
  File "/home/jrybc/.openclaw/workspace/Claw/systems/scripts/sync_drive_live_docs.py", line 137, in <module>
    raise SystemExit(main())
                     ^^^^^^
  File "/home/jrybc/.openclaw/workspace/Claw/systems/scripts/sync_drive_live_docs.py", line 94, in main
    proc = run(cmd)
           ^^^^^^^^
  File "/home/jrybc/.openclaw/workspace/Claw/systems/scripts/sync_drive_live_docs.py", line 37, in run
    return subprocess.run(cmd, text=True, capture_output=True)
           ^^^^^^^^^^^^^^^^^^^^^^^^^^^^^^^^^^^^^^^^^^^^^^^^^^^
  File "/usr/lib/python3.12/subprocess.py", line 548, in run
    with Popen(*popenargs, **kwargs) as process:
         ^^^^^^^^^^^^^^^^^^^^^^^^^^^
  File "/usr/lib/python3.12/subprocess.py", line 1026, in __init__
    self._execute_child(args, executable, preexec_fn, close_fds,
  File "/usr/lib/python3.12/subprocess.py", line 1955, in _execute_child
    raise child_exception_type(errno_num, err_msg, err_filename)
FileNotFoundError: [Errno 2] No such file or directory: 'gog'
Traceback (most recent call last):
  File "/home/jrybc/.openclaw/workspace/Claw/systems/scripts/sync_drive_live_docs.py", line 137, in <module>
    raise SystemExit(main())
                     ^^^^^^
  File "/home/jrybc/.openclaw/workspace/Claw/systems/scripts/sync_drive_live_docs.py", line 94, in main
    proc = run(cmd)
           ^^^^^^^^
  File "/home/jrybc/.openclaw/workspace/Claw/systems/scripts/sync_drive_live_docs.py", line 37, in run
    return subprocess.run(cmd, text=True, capture_output=True)
           ^^^^^^^^^^^^^^^^^^^^^^^^^^^^^^^^^^^^^^^^^^^^^^^^^^^
  File "/usr/lib/python3.12/subprocess.py", line 548, in run
    with Popen(*popenargs, **kwargs) as process:
         ^^^^^^^^^^^^^^^^^^^^^^^^^^^
  File "/usr/lib/python3.12/subprocess.py", line 1026, in __init__
    self._execute_child(args, executable, preexec_fn, close_fds,
  File "/usr/lib/python3.12/subprocess.py", line 1955, in _execute_child
    raise child_exception_type(errno_num, err_msg, err_filename)
FileNotFoundError: [Errno 2] No such file or directory: 'gog'
Traceback (most recent call last):
  File "/home/jrybc/.openclaw/workspace/Claw/systems/scripts/sync_drive_live_docs.py", line 137, in <module>
    raise SystemExit(main())
                     ^^^^^^
  File "/home/jrybc/.openclaw/workspace/Claw/systems/scripts/sync_drive_live_docs.py", line 94, in main
    proc = run(cmd)
           ^^^^^^^^
  File "/home/jrybc/.openclaw/workspace/Claw/systems/scripts/sync_drive_live_docs.py", line 37, in run
    return subprocess.run(cmd, text=True, capture_output=True)
           ^^^^^^^^^^^^^^^^^^^^^^^^^^^^^^^^^^^^^^^^^^^^^^^^^^^
  File "/usr/lib/python3.12/subprocess.py", line 548, in run
    with Popen(*popenargs, **kwargs) as process:
         ^^^^^^^^^^^^^^^^^^^^^^^^^^^
  File "/usr/lib/python3.12/subprocess.py", line 1026, in __init__
    self._execute_child(args, executable, preexec_fn, close_fds,
  File "/usr/lib/python3.12/subprocess.py", line 1955, in _execute_child
    raise child_exception_type(errno_num, err_msg, err_filename)
FileNotFoundError: [Errno 2] No such file or directory: 'gog'
Traceback (most recent call last):
  File "/home/jrybc/.openclaw/workspace/Claw/systems/scripts/sync_drive_live_docs.py", line 137, in <module>
    raise SystemExit(main())
                     ^^^^^^
  File "/home/jrybc/.openclaw/workspace/Claw/systems/scripts/sync_drive_live_docs.py", line 94, in main
    proc = run(cmd)
           ^^^^^^^^
  File "/home/jrybc/.openclaw/workspace/Claw/systems/scripts/sync_drive_live_docs.py", line 37, in run
    return subprocess.run(cmd, text=True, capture_output=True)
           ^^^^^^^^^^^^^^^^^^^^^^^^^^^^^^^^^^^^^^^^^^^^^^^^^^^
  File "/usr/lib/python3.12/subprocess.py", line 548, in run
    with Popen(*popenargs, **kwargs) as process:
         ^^^^^^^^^^^^^^^^^^^^^^^^^^^
  File "/usr/lib/python3.12/subprocess.py", line 1026, in __init__
    self._execute_child(args, executable, preexec_fn, close_fds,
  File "/usr/lib/python3.12/subprocess.py", line 1955, in _execute_child
    raise child_exception_type(errno_num, err_msg, err_filename)
FileNotFoundError: [Errno 2] No such file or directory: 'gog'
Traceback (most recent call last):
  File "/home/jrybc/.openclaw/workspace/Claw/systems/scripts/sync_drive_live_docs.py", line 137, in <module>
    raise SystemExit(main())
                     ^^^^^^
  File "/home/jrybc/.openclaw/workspace/Claw/systems/scripts/sync_drive_live_docs.py", line 94, in main
    proc = run(cmd)
           ^^^^^^^^
  File "/home/jrybc/.openclaw/workspace/Claw/systems/scripts/sync_drive_live_docs.py", line 37, in run
    return subprocess.run(cmd, text=True, capture_output=True)
           ^^^^^^^^^^^^^^^^^^^^^^^^^^^^^^^^^^^^^^^^^^^^^^^^^^^
  File "/usr/lib/python3.12/subprocess.py", line 548, in run
    with Popen(*popenargs, **kwargs) as process:
         ^^^^^^^^^^^^^^^^^^^^^^^^^^^
  File "/usr/lib/python3.12/subprocess.py", line 1026, in __init__
    self._execute_child(args, executable, preexec_fn, close_fds,
  File "/usr/lib/python3.12/subprocess.py", line 1955, in _execute_child
    raise child_exception_type(errno_num, err_msg, err_filename)
FileNotFoundError: [Errno 2] No such file or directory: 'gog'
Traceback (most recent call last):
  File "/home/jrybc/.openclaw/workspace/Claw/systems/scripts/sync_drive_live_docs.py", line 137, in <module>
    raise SystemExit(main())
                     ^^^^^^
  File "/home/jrybc/.openclaw/workspace/Claw/systems/scripts/sync_drive_live_docs.py", line 94, in main
    proc = run(cmd)
           ^^^^^^^^
  File "/home/jrybc/.openclaw/workspace/Claw/systems/scripts/sync_drive_live_docs.py", line 37, in run
    return subprocess.run(cmd, text=True, capture_output=True)
           ^^^^^^^^^^^^^^^^^^^^^^^^^^^^^^^^^^^^^^^^^^^^^^^^^^^
  File "/usr/lib/python3.12/subprocess.py", line 548, in run
    with Popen(*popenargs, **kwargs) as process:
         ^^^^^^^^^^^^^^^^^^^^^^^^^^^
  File "/usr/lib/python3.12/subprocess.py", line 1026, in __init__
    self._execute_child(args, executable, preexec_fn, close_fds,
  File "/usr/lib/python3.12/subprocess.py", line 1955, in _execute_child
    raise child_exception_type(errno_num, err_msg, err_filename)
FileNotFoundError: [Errno 2] No such file or directory: 'gog'
Traceback (most recent call last):
  File "/home/jrybc/.openclaw/workspace/Claw/systems/scripts/sync_drive_live_docs.py", line 137, in <module>
    raise SystemExit(main())
                     ^^^^^^
  File "/home/jrybc/.openclaw/workspace/Claw/systems/scripts/sync_drive_live_docs.py", line 94, in main
    proc = run(cmd)
           ^^^^^^^^
  File "/home/jrybc/.openclaw/workspace/Claw/systems/scripts/sync_drive_live_docs.py", line 37, in run
    return subprocess.run(cmd, text=True, capture_output=True)
           ^^^^^^^^^^^^^^^^^^^^^^^^^^^^^^^^^^^^^^^^^^^^^^^^^^^
  File "/usr/lib/python3.12/subprocess.py", line 548, in run
    with Popen(*popenargs, **kwargs) as process:
         ^^^^^^^^^^^^^^^^^^^^^^^^^^^
  File "/usr/lib/python3.12/subprocess.py", line 1026, in __init__
    self._execute_child(args, executable, preexec_fn, close_fds,
  File "/usr/lib/python3.12/subprocess.py", line 1955, in _execute_child
    raise child_exception_type(errno_num, err_msg, err_filename)
FileNotFoundError: [Errno 2] No such file or directory: 'gog'
Traceback (most recent call last):
  File "/home/jrybc/.openclaw/workspace/Claw/systems/scripts/sync_drive_live_docs.py", line 137, in <module>
    raise SystemExit(main())
                     ^^^^^^
  File "/home/jrybc/.openclaw/workspace/Claw/systems/scripts/sync_drive_live_docs.py", line 94, in main
    proc = run(cmd)
           ^^^^^^^^
  File "/home/jrybc/.openclaw/workspace/Claw/systems/scripts/sync_drive_live_docs.py", line 37, in run
    return subprocess.run(cmd, text=True, capture_output=True)
           ^^^^^^^^^^^^^^^^^^^^^^^^^^^^^^^^^^^^^^^^^^^^^^^^^^^
  File "/usr/lib/python3.12/subprocess.py", line 548, in run
    with Popen(*popenargs, **kwargs) as process:
         ^^^^^^^^^^^^^^^^^^^^^^^^^^^
  File "/usr/lib/python3.12/subprocess.py", line 1026, in __init__
    self._execute_child(args, executable, preexec_fn, close_fds,
  File "/usr/lib/python3.12/subprocess.py", line 1955, in _execute_child
    raise child_exception_type(errno_num, err_msg, err_filename)
FileNotFoundError: [Errno 2] No such file or directory: 'gog'
Traceback (most recent call last):
  File "/home/jrybc/.openclaw/workspace/Claw/systems/scripts/sync_drive_live_docs.py", line 137, in <module>
    raise SystemExit(main())
                     ^^^^^^
  File "/home/jrybc/.openclaw/workspace/Claw/systems/scripts/sync_drive_live_docs.py", line 94, in main
    proc = run(cmd)
           ^^^^^^^^
  File "/home/jrybc/.openclaw/workspace/Claw/systems/scripts/sync_drive_live_docs.py", line 37, in run
    return subprocess.run(cmd, text=True, capture_output=True)
           ^^^^^^^^^^^^^^^^^^^^^^^^^^^^^^^^^^^^^^^^^^^^^^^^^^^
  File "/usr/lib/python3.12/subprocess.py", line 548, in run
    with Popen(*popenargs, **kwargs) as process:
         ^^^^^^^^^^^^^^^^^^^^^^^^^^^
  File "/usr/lib/python3.12/subprocess.py", line 1026, in __init__
    self._execute_child(args, executable, preexec_fn, close_fds,
  File "/usr/lib/python3.12/subprocess.py", line 1955, in _execute_child
    raise child_exception_type(errno_num, err_msg, err_filename)
FileNotFoundError: [Errno 2] No such file or directory: 'gog'
Traceback (most recent call last):
  File "/home/jrybc/.openclaw/workspace/Claw/systems/scripts/sync_drive_live_docs.py", line 137, in <module>
    raise SystemExit(main())
                     ^^^^^^
  File "/home/jrybc/.openclaw/workspace/Claw/systems/scripts/sync_drive_live_docs.py", line 94, in main
    proc = run(cmd)
           ^^^^^^^^
  File "/home/jrybc/.openclaw/workspace/Claw/systems/scripts/sync_drive_live_docs.py", line 37, in run
    return subprocess.run(cmd, text=True, capture_output=True)
           ^^^^^^^^^^^^^^^^^^^^^^^^^^^^^^^^^^^^^^^^^^^^^^^^^^^
  File "/usr/lib/python3.12/subprocess.py", line 548, in run
    with Popen(*popenargs, **kwargs) as process:
         ^^^^^^^^^^^^^^^^^^^^^^^^^^^
  File "/usr/lib/python3.12/subprocess.py", line 1026, in __init__
    self._execute_child(args, executable, preexec_fn, close_fds,
  File "/usr/lib/python3.12/subprocess.py", line 1955, in _execute_child
    raise child_exception_type(errno_num, err_msg, err_filename)
FileNotFoundError: [Errno 2] No such file or directory: 'gog'
Traceback (most recent call last):
  File "/home/jrybc/.openclaw/workspace/Claw/systems/scripts/sync_drive_live_docs.py", line 137, in <module>
    raise SystemExit(main())
                     ^^^^^^
  File "/home/jrybc/.openclaw/workspace/Claw/systems/scripts/sync_drive_live_docs.py", line 94, in main
    proc = run(cmd)
           ^^^^^^^^
  File "/home/jrybc/.openclaw/workspace/Claw/systems/scripts/sync_drive_live_docs.py", line 37, in run
    return subprocess.run(cmd, text=True, capture_output=True)
           ^^^^^^^^^^^^^^^^^^^^^^^^^^^^^^^^^^^^^^^^^^^^^^^^^^^
  File "/usr/lib/python3.12/subprocess.py", line 548, in run
    with Popen(*popenargs, **kwargs) as process:
         ^^^^^^^^^^^^^^^^^^^^^^^^^^^
  File "/usr/lib/python3.12/subprocess.py", line 1026, in __init__
    self._execute_child(args, executable, preexec_fn, close_fds,
  File "/usr/lib/python3.12/subprocess.py", line 1955, in _execute_child
    raise child_exception_type(errno_num, err_msg, err_filename)
FileNotFoundError: [Errno 2] No such file or directory: 'gog'
Traceback (most recent call last):
  File "/home/jrybc/.openclaw/workspace/Claw/systems/scripts/sync_drive_live_docs.py", line 137, in <module>
    raise SystemExit(main())
                     ^^^^^^
  File "/home/jrybc/.openclaw/workspace/Claw/systems/scripts/sync_drive_live_docs.py", line 94, in main
    proc = run(cmd)
           ^^^^^^^^
  File "/home/jrybc/.openclaw/workspace/Claw/systems/scripts/sync_drive_live_docs.py", line 37, in run
    return subprocess.run(cmd, text=True, capture_output=True)
           ^^^^^^^^^^^^^^^^^^^^^^^^^^^^^^^^^^^^^^^^^^^^^^^^^^^
  File "/usr/lib/python3.12/subprocess.py", line 548, in run
    with Popen(*popenargs, **kwargs) as process:
         ^^^^^^^^^^^^^^^^^^^^^^^^^^^
  File "/usr/lib/python3.12/subprocess.py", line 1026, in __init__
    self._execute_child(args, executable, preexec_fn, close_fds,
  File "/usr/lib/python3.12/subprocess.py", line 1955, in _execute_child
    raise child_exception_type(errno_num, err_msg, err_filename)
FileNotFoundError: [Errno 2] No such file or directory: 'gog'
Traceback (most recent call last):
  File "/home/jrybc/.openclaw/workspace/Claw/systems/scripts/sync_drive_live_docs.py", line 137, in <module>
    raise SystemExit(main())
                     ^^^^^^
  File "/home/jrybc/.openclaw/workspace/Claw/systems/scripts/sync_drive_live_docs.py", line 94, in main
    proc = run(cmd)
           ^^^^^^^^
  File "/home/jrybc/.openclaw/workspace/Claw/systems/scripts/sync_drive_live_docs.py", line 37, in run
    return subprocess.run(cmd, text=True, capture_output=True)
           ^^^^^^^^^^^^^^^^^^^^^^^^^^^^^^^^^^^^^^^^^^^^^^^^^^^
  File "/usr/lib/python3.12/subprocess.py", line 548, in run
    with Popen(*popenargs, **kwargs) as process:
         ^^^^^^^^^^^^^^^^^^^^^^^^^^^
  File "/usr/lib/python3.12/subprocess.py", line 1026, in __init__
    self._execute_child(args, executable, preexec_fn, close_fds,
  File "/usr/lib/python3.12/subprocess.py", line 1955, in _execute_child
    raise child_exception_type(errno_num, err_msg, err_filename)
FileNotFoundError: [Errno 2] No such file or directory: 'gog'
Traceback (most recent call last):
  File "/home/jrybc/.openclaw/workspace/Claw/systems/scripts/sync_drive_live_docs.py", line 137, in <module>
    raise SystemExit(main())
                     ^^^^^^
  File "/home/jrybc/.openclaw/workspace/Claw/systems/scripts/sync_drive_live_docs.py", line 94, in main
    proc = run(cmd)
           ^^^^^^^^
  File "/home/jrybc/.openclaw/workspace/Claw/systems/scripts/sync_drive_live_docs.py", line 37, in run
    return subprocess.run(cmd, text=True, capture_output=True)
           ^^^^^^^^^^^^^^^^^^^^^^^^^^^^^^^^^^^^^^^^^^^^^^^^^^^
  File "/usr/lib/python3.12/subprocess.py", line 548, in run
    with Popen(*popenargs, **kwargs) as process:
         ^^^^^^^^^^^^^^^^^^^^^^^^^^^
  File "/usr/lib/python3.12/subprocess.py", line 1026, in __init__
    self._execute_child(args, executable, preexec_fn, close_fds,
  File "/usr/lib/python3.12/subprocess.py", line 1955, in _execute_child
    raise child_exception_type(errno_num, err_msg, err_filename)
FileNotFoundError: [Errno 2] No such file or directory: 'gog'
Traceback (most recent call last):
  File "/home/jrybc/.openclaw/workspace/Claw/systems/scripts/sync_drive_live_docs.py", line 137, in <module>
    raise SystemExit(main())
                     ^^^^^^
  File "/home/jrybc/.openclaw/workspace/Claw/systems/scripts/sync_drive_live_docs.py", line 94, in main
    proc = run(cmd)
           ^^^^^^^^
  File "/home/jrybc/.openclaw/workspace/Claw/systems/scripts/sync_drive_live_docs.py", line 37, in run
    return subprocess.run(cmd, text=True, capture_output=True)
           ^^^^^^^^^^^^^^^^^^^^^^^^^^^^^^^^^^^^^^^^^^^^^^^^^^^
  File "/usr/lib/python3.12/subprocess.py", line 548, in run
    with Popen(*popenargs, **kwargs) as process:
         ^^^^^^^^^^^^^^^^^^^^^^^^^^^
  File "/usr/lib/python3.12/subprocess.py", line 1026, in __init__
    self._execute_child(args, executable, preexec_fn, close_fds,
  File "/usr/lib/python3.12/subprocess.py", line 1955, in _execute_child
    raise child_exception_type(errno_num, err_msg, err_filename)
FileNotFoundError: [Errno 2] No such file or directory: 'gog'
Traceback (most recent call last):
  File "/home/jrybc/.openclaw/workspace/Claw/systems/scripts/sync_drive_live_docs.py", line 137, in <module>
    raise SystemExit(main())
                     ^^^^^^
  File "/home/jrybc/.openclaw/workspace/Claw/systems/scripts/sync_drive_live_docs.py", line 94, in main
    proc = run(cmd)
           ^^^^^^^^
  File "/home/jrybc/.openclaw/workspace/Claw/systems/scripts/sync_drive_live_docs.py", line 37, in run
    return subprocess.run(cmd, text=True, capture_output=True)
           ^^^^^^^^^^^^^^^^^^^^^^^^^^^^^^^^^^^^^^^^^^^^^^^^^^^
  File "/usr/lib/python3.12/subprocess.py", line 548, in run
    with Popen(*popenargs, **kwargs) as process:
         ^^^^^^^^^^^^^^^^^^^^^^^^^^^
  File "/usr/lib/python3.12/subprocess.py", line 1026, in __init__
    self._execute_child(args, executable, preexec_fn, close_fds,
  File "/usr/lib/python3.12/subprocess.py", line 1955, in _execute_child
    raise child_exception_type(errno_num, err_msg, err_filename)
FileNotFoundError: [Errno 2] No such file or directory: 'gog'
